<?xml version="1.0" encoding="UTF-8"?>
<beans xmlns="http://www.springframework.org/schema/beans"
       xmlns:xsi="http://www.w3.org/2001/XMLSchema-instance"
       xmlns:context="http://www.springframework.org/schema/context"
       xmlns:tx="http://www.springframework.org/schema/tx"
       xmlns:aop="http://www.springframework.org/schema/aop"
       xsi:schemaLocation="http://www.springframework.org/schema/beans
                           http://www.springframework.org/schema/beans/spring-beans.xsd
                           http://www.springframework.org/schema/mvc
                           http://www.springframework.org/schema/mvc/spring-mvc.xsd
                           http://www.springframework.org/schema/tx 
                           http://www.springframework.org/schema/tx/spring-tx-3.0.xsd
                           http://www.springframework.org/schema/context
                           http://www.springframework.org/schema/context/spring-context.xsd
       http://www.springframework.org/schema/aop http://www.springframework.org/schema/aop/spring-aop-3.2.xsd"> 

    <!-- Bean definitions go here -->
    <tx:annotation-driven/>

    <context:component-scan base-package="com.sg.blogcms.dao" />
    <bean id="dataSource"
          class="org.apache.commons.dbcp2.BasicDataSource">
        <property name="driverClassName" value="com.mysql.jdbc.Driver"/>
        <property name="url"
                  value="jdbc:mysql://localhost:3306/BlogCMS"/>
        <property name="username" value="root"/>
        <property name="password" value="aced123"/>
        <property name="initialSize" value="5"/>
        <property name="maxTotal" value="10"/>
    </bean>
    
    <bean id="transactionManager"
          class="org.springframework.jdbc.datasource.DataSourceTransactionManager">
        <property name="dataSource" ref="dataSource"/>
    </bean>

    <bean id="jdbcTemplate"
          class="org.springframework.jdbc.core.JdbcTemplate">
        <property name="dataSource" ref="dataSource"/>
    </bean>
    
    <bean id="entityDao" 
          class="com.sg.blogcms.daoImpl.EntityDaoJdbcTemplateImpl">
        <property name="jdbcTemplate" ref="jdbcTemplate"/>
    </bean>
    
    <bean id="categoriesDao" 
          class="com.sg.blogcms.daoImpl.CategoriesDaoDbImpl">
        <property name="jdbcTemplate" ref="jdbcTemplate"/>
    </bean>
    
    <bean id="TagsDao" 
          class="com.sg.blogcms.daoImpl.TagsDaoDbImpl">
        <property name="jdbcTemplate" ref="jdbcTemplate"/>
    </bean>
    
    <bean id="StaticPagesDao" 
          class="com.sg.blogcms.daoImpl.StaticPagesDaoDbImpl">
        <property name="jdbcTemplate" ref="jdbcTemplate"/>
    </bean>

    <bean id="entityService" class="com.sg.blogcms.serviceImpl.EntityServiceImpl">
        <constructor-arg ref="entityDao"/>
    </bean>
    

    <bean id="postsDao" class="com.sg.blogcms.daoImpl.PostsDaoJdbcTemplateImpl">
        <property name="jdbcTemplate" ref="jdbcTemplate"/>
    </bean> 
    
    <bean id="postsService" class="com.sg.blogcms.serviceImpl.PostsServiceImpl">
        <constructor-arg ref="postsDao"/>
    </bean> 
    
    <bean id="categoriesService" class="com.sg.blogcms.serviceImpl.CategoriesServiceImpl">
        <constructor-arg ref="categoriesDao"/>
    </bean>
    
    <bean id="tagsService" class="com.sg.blogcms.serviceImpl.TagsServiceImpl">
        <constructor-arg ref="TagsDao"/>
    </bean>
    
    <bean id="staticPagesService"  class="com.sg.blogcms.serviceImpl.StaticPagesServiceImpl">
        <constructor-arg ref="StaticPagesDao"/>
    </bean>
    
    <bean id="entitySocialProfiles" class="com.sg.blogcms.daoImpl.EntitySocialProfilesJdbcTemplateImpl">
        <property name="jdbcTemplate" ref="jdbcTemplate"/>
    </bean>
    
     <bean id="entitySocialProfilesService" class="com.sg.blogcms.serviceImpl.EntitySocialProfilesServiceImpl">
        <constructor-arg ref="entitySocialProfiles"/>
    </bean>
    
</beans>